Determining if the pthread_create exist failed with the following output:
Change Dir: /home/parallels/energyhack_2018/ws/build/CMakeFiles/CMakeTmp

Run Build Command:"/usr/bin/make" "cmTC_edb5e/fast"
/usr/bin/make -f CMakeFiles/cmTC_edb5e.dir/build.make CMakeFiles/cmTC_edb5e.dir/build
make[1]: Entering directory '/home/parallels/energyhack_2018/ws/build/CMakeFiles/CMakeTmp'
Building C object CMakeFiles/cmTC_edb5e.dir/CheckSymbolExists.c.o
/usr/bin/cc    -o CMakeFiles/cmTC_edb5e.dir/CheckSymbolExists.c.o   -c /home/parallels/energyhack_2018/ws/build/CMakeFiles/CMakeTmp/CheckSymbolExists.c
Linking C executable cmTC_edb5e
/usr/bin/cmake -E cmake_link_script CMakeFiles/cmTC_edb5e.dir/link.txt --verbose=1
/usr/bin/cc      -rdynamic CMakeFiles/cmTC_edb5e.dir/CheckSymbolExists.c.o  -o cmTC_edb5e 
CMakeFiles/cmTC_edb5e.dir/CheckSymbolExists.c.o: In function `main':
CheckSymbolExists.c:(.text+0x1b): undefined reference to `pthread_create'
collect2: error: ld returned 1 exit status
CMakeFiles/cmTC_edb5e.dir/build.make:97: recipe for target 'cmTC_edb5e' failed
make[1]: *** [cmTC_edb5e] Error 1
make[1]: Leaving directory '/home/parallels/energyhack_2018/ws/build/CMakeFiles/CMakeTmp'
Makefile:126: recipe for target 'cmTC_edb5e/fast' failed
make: *** [cmTC_edb5e/fast] Error 2

File /home/parallels/energyhack_2018/ws/build/CMakeFiles/CMakeTmp/CheckSymbolExists.c:
/* */
#include <pthread.h>

int main(int argc, char** argv)
{
  (void)argv;
#ifndef pthread_create
  return ((int*)(&pthread_create))[argc];
#else
  (void)argc;
  return 0;
#endif
}

Determining if the function pthread_create exists in the pthreads failed with the following output:
Change Dir: /home/parallels/energyhack_2018/ws/build/CMakeFiles/CMakeTmp

Run Build Command:"/usr/bin/make" "cmTC_e7202/fast"
/usr/bin/make -f CMakeFiles/cmTC_e7202.dir/build.make CMakeFiles/cmTC_e7202.dir/build
make[1]: Entering directory '/home/parallels/energyhack_2018/ws/build/CMakeFiles/CMakeTmp'
Building C object CMakeFiles/cmTC_e7202.dir/CheckFunctionExists.c.o
/usr/bin/cc   -DCHECK_FUNCTION_EXISTS=pthread_create   -o CMakeFiles/cmTC_e7202.dir/CheckFunctionExists.c.o   -c /usr/share/cmake-3.10/Modules/CheckFunctionExists.c
Linking C executable cmTC_e7202
/usr/bin/cmake -E cmake_link_script CMakeFiles/cmTC_e7202.dir/link.txt --verbose=1
/usr/bin/cc  -DCHECK_FUNCTION_EXISTS=pthread_create    -rdynamic CMakeFiles/cmTC_e7202.dir/CheckFunctionExists.c.o  -o cmTC_e7202 -lpthreads 
/usr/bin/ld: cannot find -lpthreads
collect2: error: ld returned 1 exit status
CMakeFiles/cmTC_e7202.dir/build.make:97: recipe for target 'cmTC_e7202' failed
make[1]: *** [cmTC_e7202] Error 1
make[1]: Leaving directory '/home/parallels/energyhack_2018/ws/build/CMakeFiles/CMakeTmp'
Makefile:126: recipe for target 'cmTC_e7202/fast' failed
make: *** [cmTC_e7202/fast] Error 2


